2017-07-11 14-09-41-7443|info|Home|Tesco.ClubcardProducts.MCA.Web.Controllers.HomeController|Home||Starting...
2017-07-11 14-09-41-7443|error|Home|Tesco.ClubcardProducts.MCA.Web.Controllers.HomeController|Home||Exception in Get Home page method
2017-07-11 14-09-41-9718|info|Home|Tesco.ClubcardProducts.MCA.Web.Business.BusinessLogics.HomeBC|GetHomeViewModel||Starting...
2017-07-11 14-09-41-9718|error|Home|Tesco.ClubcardProducts.MCA.Web.Business.BusinessLogics.HomeBC|GetHomeViewModel||Exception in Getting Home View Model method
2017-07-11 14-09-42-0068|info|Home|Tesco.ClubcardProducts.MCA.Web.Business.BusinessLogics.VoucherBC|GetCustomerAccountDetails||Starting...
2017-07-11 14-09-42-0068|error|Home|Tesco.ClubcardProducts.MCA.Web.Business.BusinessLogics.VoucherBC|GetCustomerAccountDetails||Failed in VoucherBC while getting Customer Account Details
2017-07-11 14-09-42-0443|info|Home|Tesco.ClubcardProducts.MCA.Web.ServiceAdapter.Services.ClubcardServiceAdapter|Get||Starting...
2017-07-11 14-09-42-0443|error|Home|Tesco.ClubcardProducts.MCA.Web.ServiceAdapter.Services.ClubcardServiceAdapter|Get||Failed in Clubcard Adapter|GET
2017-07-11 14-09-42-0743|info|Home|Tesco.ClubcardProducts.MCA.Web.ServiceAdapter.Services.ClubcardServiceAdapter|GetCustomerAccountDetails||Starting...
2017-07-11 14-09-42-0743|error|Home|Tesco.ClubcardProducts.MCA.Web.ServiceAdapter.Services.ClubcardServiceAdapter|GetCustomerAccountDetails||Exception in customeraccountdetails
2017-07-11 14-09-42-0743|info|Home|Tesco.ClubcardProducts.MCA.Web.ServiceAdapter.Services.ClubcardServiceAdapter|GetCustomerAccountDetails||Starting...
2017-07-11 14-09-42-0743|error|Home|Tesco.ClubcardProducts.MCA.Web.ServiceAdapter.Services.ClubcardServiceAdapter|GetCustomerAccountDetails||Value cannot be null.
Parameter name: source
2017-07-11 14-09-41-7443|error|Home|Tesco.ClubcardProducts.MCA.Web.Controllers.HomeController|Home||System.Exception: Exception in Get Home page method ---> System.Exception: Exception in Getting Home View Model method ---> System.Exception: Failed in VoucherBC while getting Customer Account Details ---> System.Exception: Failed in Clubcard Adapter|GET ---> System.Exception: Exception in customeraccountdetails ---> System.ArgumentNullException: Value cannot be null.
Parameter name: source
   at System.Linq.Enumerable.FirstOrDefault[TSource](IEnumerable`1 source)
   at Tesco.ClubcardProducts.MCA.Web.ServiceAdapter.Services.ClubcardServiceAdapter.GetCustomerAccountDetails(Int64 customerId, String culture) in D:\dev\MCA\MCA\Source\Tesco.ClubcardProducts.MCA.Web\Web.ServiceAdapter\Services\ClubcardServiceAdapter.cs:line 918
   --- End of inner exception stack trace ---
   at Tesco.ClubcardProducts.MCA.Web.ServiceAdapter.Services.ClubcardServiceAdapter.GetCustomerAccountDetails(Int64 customerId, String culture) in D:\dev\MCA\MCA\Source\Tesco.ClubcardProducts.MCA.Web\Web.ServiceAdapter\Services\ClubcardServiceAdapter.cs:line 923
   at Tesco.ClubcardProducts.MCA.Web.ServiceAdapter.Services.ClubcardServiceAdapter.Get[T](MCARequest req) in D:\dev\MCA\MCA\Source\Tesco.ClubcardProducts.MCA.Web\Web.ServiceAdapter\Services\ClubcardServiceAdapter.cs:line 90
   --- End of inner exception stack trace ---
   at Tesco.ClubcardProducts.MCA.Web.ServiceAdapter.Services.ClubcardServiceAdapter.Get[T](MCARequest req) in D:\dev\MCA\MCA\Source\Tesco.ClubcardProducts.MCA.Web\Web.ServiceAdapter\Services\ClubcardServiceAdapter.cs:line 212
   at Tesco.ClubcardProducts.MCA.Web.Business.BusinessLogics.VoucherBC.GetCustomerAccountDetails(Int64 customerId, String culture) in D:\dev\MCA\MCA\Source\Tesco.ClubcardProducts.MCA.Web\Web.Business\BusinessLogics\VoucherBC.cs:line 169
   --- End of inner exception stack trace ---
   at Tesco.ClubcardProducts.MCA.Web.Business.BusinessLogics.VoucherBC.GetCustomerAccountDetails(Int64 customerId, String culture) in D:\dev\MCA\MCA\Source\Tesco.ClubcardProducts.MCA.Web\Web.Business\BusinessLogics\VoucherBC.cs:line 186
   at Tesco.ClubcardProducts.MCA.Web.Business.BusinessLogics.HomeBC.GetHomeViewModel(Int64 customerId, String culture) in D:\dev\MCA\MCA\Source\Tesco.ClubcardProducts.MCA.Web\Web.Business\BusinessLogics\HomeBC.cs:line 85
   --- End of inner exception stack trace ---
   at Tesco.ClubcardProducts.MCA.Web.Business.BusinessLogics.HomeBC.GetHomeViewModel(Int64 customerId, String culture) in D:\dev\MCA\MCA\Source\Tesco.ClubcardProducts.MCA.Web\Web.Business\BusinessLogics\HomeBC.cs:line 182
   at Tesco.ClubcardProducts.MCA.Web.Controllers.HomeController.Home() in D:\dev\MCA\MCA\Source\Tesco.ClubcardProducts.MCA.Web\Web\Controllers\HomeController.cs:line 113
   --- End of inner exception stack trace ---
   at Tesco.ClubcardProducts.MCA.Web.Controllers.HomeController.Home() in D:\dev\MCA\MCA\Source\Tesco.ClubcardProducts.MCA.Web\Web\Controllers\HomeController.cs:line 175
   at lambda_method(Closure , ControllerBase , Object[] )
   at System.Web.Mvc.ActionMethodDispatcher.Execute(ControllerBase controller, Object[] parameters)
   at System.Web.Mvc.ReflectedActionDescriptor.Execute(ControllerContext controllerContext, IDictionary`2 parameters)
   at System.Web.Mvc.ControllerActionInvoker.InvokeActionMethod(ControllerContext controllerContext, ActionDescriptor actionDescriptor, IDictionary`2 parameters)
   at System.Web.Mvc.Async.AsyncControllerActionInvoker.<>c__DisplayClass42.<BeginInvokeSynchronousActionMethod>b__41()
   at System.Web.Mvc.Async.AsyncResultWrapper.<>c__DisplayClass8`1.<BeginSynchronous>b__7(IAsyncResult _)
   at System.Web.Mvc.Async.AsyncResultWrapper.WrappedAsyncResult`1.End()
   at System.Web.Mvc.Async.AsyncControllerActionInvoker.EndInvokeActionMethod(IAsyncResult asyncResult)
   at System.Web.Mvc.Async.AsyncControllerActionInvoker.<>c__DisplayClass37.<>c__DisplayClass39.<BeginInvokeActionMethodWithFilters>b__33()
   at System.Web.Mvc.Async.AsyncControllerActionInvoker.<>c__DisplayClass4f.<InvokeActionMethodFilterAsynchronously>b__49()
   at System.Web.Mvc.Async.AsyncControllerActionInvoker.<>c__DisplayClass37.<BeginInvokeActionMethodWithFilters>b__36(IAsyncResult asyncResult)
   at System.Web.Mvc.Async.AsyncResultWrapper.WrappedAsyncResult`1.End()
   at System.Web.Mvc.Async.AsyncControllerActionInvoker.EndInvokeActionMethodWithFilters(IAsyncResult asyncResult)
   at System.Web.Mvc.Async.AsyncControllerActionInvoker.<>c__DisplayClass25.<>c__DisplayClass2a.<BeginInvokeAction>b__20()
   at System.Web.Mvc.Async.AsyncControllerActionInvoker.<>c__DisplayClass25.<BeginInvokeAction>b__22(IAsyncResult asyncResult)
--------------------------------------------------------------------------------------------

